  14-09-2021 15:54:09.594 [restartedMain] INFO  ((( com.springdatarest.springdatarest.SpringDataRestApplication.logStarting)))) - (((Starting SpringDataRestApplication using Java 16.0.1 on RD-SC-LP-2014 with PID 17268 (D:\Spring Boot\projects\ELK-test\target\classes started by asabokh in D:\Spring Boot\projects\ELK-test))))
  14-09-2021 15:54:09.599 [restartedMain] INFO  ((( com.springdatarest.springdatarest.SpringDataRestApplication.logStartupProfileInfo)))) - (((No active profile set, falling back to default profiles: default)))
  14-09-2021 15:54:09.626 [restartedMain] INFO  ((( org.springframework.boot.devtools.env.DevToolsPropertyDefaultsPostProcessor.logTo)))) - (((Devtools property defaults active! Set 'spring.devtools.add-properties' to 'false' to disable)))
  14-09-2021 15:54:09.627 [restartedMain] INFO  ((( org.springframework.boot.devtools.env.DevToolsPropertyDefaultsPostProcessor.logTo)))) - (((For additional web related logging consider setting the 'logging.level.web' property to 'DEBUG')))
  14-09-2021 15:54:09.996 [restartedMain] INFO  ((( org.springframework.data.repository.config.RepositoryConfigurationDelegate.registerRepositoriesIn)))) - (((Bootstrapping Spring Data JPA repositories in DEFAULT mode.)))
  14-09-2021 15:54:10.027 [restartedMain] INFO  ((( org.springframework.data.repository.config.RepositoryConfigurationDelegate.registerRepositoriesIn)))) - (((Finished Spring Data repository scanning in 25 ms. Found 2 JPA repository interfaces.)))
  14-09-2021 15:54:10.411 [restartedMain] INFO  ((( org.springframework.boot.web.embedded.tomcat.TomcatWebServer.initialize)))) - (((Tomcat initialized with port(s): 8082 (http))))
  14-09-2021 15:54:10.417 [restartedMain] INFO  ((( org.apache.coyote.http11.Http11NioProtocol.log)))) - (((Initializing ProtocolHandler ["http-nio-8082"])))
  14-09-2021 15:54:10.417 [restartedMain] INFO  ((( org.apache.catalina.core.StandardService.log)))) - (((Starting service [Tomcat])))
  14-09-2021 15:54:10.418 [restartedMain] INFO  ((( org.apache.catalina.core.StandardEngine.log)))) - (((Starting Servlet engine: [Apache Tomcat/9.0.52])))
  14-09-2021 15:54:10.484 [restartedMain] INFO  ((( org.apache.catalina.core.ContainerBase.[Tomcat].[localhost].[/].log)))) - (((Initializing Spring embedded WebApplicationContext)))
  14-09-2021 15:54:10.485 [restartedMain] INFO  ((( org.springframework.boot.web.servlet.context.ServletWebServerApplicationContext.prepareWebApplicationContext)))) - (((Root WebApplicationContext: initialization completed in 858 ms)))
  14-09-2021 15:54:10.521 [restartedMain] INFO  ((( com.zaxxer.hikari.HikariDataSource.getConnection)))) - (((HikariPool-1 - Starting...)))
  14-09-2021 15:54:10.633 [restartedMain] INFO  ((( com.zaxxer.hikari.HikariDataSource.getConnection)))) - (((HikariPool-1 - Start completed.)))
  14-09-2021 15:54:10.637 [restartedMain] INFO  ((( org.springframework.boot.autoconfigure.h2.H2ConsoleAutoConfiguration.lambda$h2Console$0)))) - (((H2 console available at '/h2-console'. Database available at 'jdbc:h2:mem:c3024f22-d35d-459d-912c-8c6835d77acb')))
  14-09-2021 15:54:10.770 [restartedMain] INFO  ((( org.hibernate.jpa.internal.util.LogHelper.logPersistenceUnitInformation)))) - (((HHH000204: Processing PersistenceUnitInfo [name: default])))
  14-09-2021 15:54:10.802 [restartedMain] INFO  ((( org.hibernate.Version.logVersion)))) - (((HHH000412: Hibernate ORM core version 5.4.32.Final)))
  14-09-2021 15:54:10.887 [restartedMain] INFO  ((( org.hibernate.annotations.common.Version.<clinit>)))) - (((HCANN000001: Hibernate Commons Annotations {5.1.2.Final})))
  14-09-2021 15:54:10.962 [restartedMain] INFO  ((( org.hibernate.dialect.Dialect.<init>)))) - (((HHH000400: Using dialect: org.hibernate.dialect.H2Dialect)))
  14-09-2021 15:54:11.343 [restartedMain] INFO  ((( org.hibernate.engine.transaction.jta.platform.internal.JtaPlatformInitiator.initiateService)))) - (((HHH000490: Using JtaPlatform implementation: [org.hibernate.engine.transaction.jta.platform.internal.NoJtaPlatform])))
  14-09-2021 15:54:11.349 [restartedMain] INFO  ((( org.springframework.orm.jpa.LocalContainerEntityManagerFactoryBean.buildNativeEntityManagerFactory)))) - (((Initialized JPA EntityManagerFactory for persistence unit 'default')))
  14-09-2021 15:54:11.603 [restartedMain] WARN  ((( org.springframework.boot.autoconfigure.orm.jpa.JpaBaseConfiguration$JpaWebConfiguration.openEntityManagerInViewInterceptor)))) - (((spring.jpa.open-in-view is enabled by default. Therefore, database queries may be performed during view rendering. Explicitly configure spring.jpa.open-in-view to disable this warning)))
  14-09-2021 15:54:12.117 [restartedMain] INFO  ((( org.springframework.boot.devtools.autoconfigure.OptionalLiveReloadServer.startServer)))) - (((LiveReload server is running on port 35729)))
  14-09-2021 15:54:12.129 [restartedMain] INFO  ((( org.apache.coyote.http11.Http11NioProtocol.log)))) - (((Starting ProtocolHandler ["http-nio-8082"])))
  14-09-2021 15:54:12.165 [restartedMain] INFO  ((( org.springframework.boot.web.embedded.tomcat.TomcatWebServer.start)))) - (((Tomcat started on port(s): 8082 (http) with context path '')))
  14-09-2021 15:54:12.172 [restartedMain] INFO  ((( com.springdatarest.springdatarest.SpringDataRestApplication.logStarted)))) - (((Started SpringDataRestApplication in 2.782 seconds (JVM running for 3.449))))
  14-09-2021 15:55:56.597 [Thread-5] INFO  ((( org.springframework.orm.jpa.LocalContainerEntityManagerFactoryBean.destroy)))) - (((Closing JPA EntityManagerFactory for persistence unit 'default')))
  14-09-2021 15:55:56.597 [Thread-5] INFO  ((( org.hibernate.tool.schema.internal.SchemaDropperImpl$DelayedDropActionImpl.perform)))) - (((HHH000477: Starting delayed evictData of schema as part of SessionFactory shut-down')))
  14-09-2021 15:55:56.815 [Thread-5] WARN  ((( org.springframework.beans.factory.support.DisposableBeanAdapter.destroy)))) - (((Invocation of destroy method failed on bean with name 'inMemoryDatabaseShutdownExecutor': org.h2.jdbc.JdbcSQLNonTransientConnectionException: Database is already closed (to disable automatic closing at VM shutdown, add ";DB_CLOSE_ON_EXIT=FALSE" to the db URL) [90121-200])))
  14-09-2021 15:55:56.816 [Thread-5] INFO  ((( com.zaxxer.hikari.HikariDataSource.close)))) - (((HikariPool-1 - Shutdown initiated...)))
  14-09-2021 15:55:56.818 [Thread-5] INFO  ((( com.zaxxer.hikari.HikariDataSource.close)))) - (((HikariPool-1 - Shutdown completed.)))
  14-09-2021 15:55:56.899 [restartedMain] INFO  ((( com.springdatarest.springdatarest.SpringDataRestApplication.logStarting)))) - (((Starting SpringDataRestApplication using Java 16.0.1 on RD-SC-LP-2014 with PID 17268 (D:\Spring Boot\projects\ELK-test\target\classes started by asabokh in D:\Spring Boot\projects\ELK-test))))
  14-09-2021 15:55:56.900 [restartedMain] INFO  ((( com.springdatarest.springdatarest.SpringDataRestApplication.logStartupProfileInfo)))) - (((No active profile set, falling back to default profiles: default)))
  14-09-2021 15:55:57.008 [restartedMain] INFO  ((( org.springframework.data.repository.config.RepositoryConfigurationDelegate.registerRepositoriesIn)))) - (((Bootstrapping Spring Data JPA repositories in DEFAULT mode.)))
  14-09-2021 15:55:57.013 [restartedMain] INFO  ((( org.springframework.data.repository.config.RepositoryConfigurationDelegate.registerRepositoriesIn)))) - (((Finished Spring Data repository scanning in 5 ms. Found 2 JPA repository interfaces.)))
  14-09-2021 15:55:57.074 [restartedMain] INFO  ((( org.springframework.boot.web.embedded.tomcat.TomcatWebServer.initialize)))) - (((Tomcat initialized with port(s): 8082 (http))))
  14-09-2021 15:55:57.099 [restartedMain] INFO  ((( org.apache.coyote.http11.Http11NioProtocol.log)))) - (((Initializing ProtocolHandler ["http-nio-8082"])))
  14-09-2021 15:55:57.099 [restartedMain] INFO  ((( org.apache.catalina.core.StandardService.log)))) - (((Starting service [Tomcat])))
  14-09-2021 15:55:57.099 [restartedMain] INFO  ((( org.apache.catalina.core.StandardEngine.log)))) - (((Starting Servlet engine: [Apache Tomcat/9.0.52])))
  14-09-2021 15:55:57.116 [restartedMain] INFO  ((( org.apache.catalina.core.ContainerBase.[Tomcat].[localhost].[/].log)))) - (((Initializing Spring embedded WebApplicationContext)))
  14-09-2021 15:55:57.117 [restartedMain] INFO  ((( org.springframework.boot.web.servlet.context.ServletWebServerApplicationContext.prepareWebApplicationContext)))) - (((Root WebApplicationContext: initialization completed in 216 ms)))
  14-09-2021 15:55:57.125 [restartedMain] INFO  ((( com.zaxxer.hikari.HikariDataSource.getConnection)))) - (((HikariPool-2 - Starting...)))
  14-09-2021 15:55:57.127 [restartedMain] INFO  ((( com.zaxxer.hikari.HikariDataSource.getConnection)))) - (((HikariPool-2 - Start completed.)))
  14-09-2021 15:55:57.127 [restartedMain] INFO  ((( org.springframework.boot.autoconfigure.h2.H2ConsoleAutoConfiguration.lambda$h2Console$0)))) - (((H2 console available at '/h2-console'. Database available at 'jdbc:h2:mem:293d016f-e3ed-48c1-83e1-e864094fbafa')))
  14-09-2021 15:55:57.141 [restartedMain] INFO  ((( org.hibernate.jpa.internal.util.LogHelper.logPersistenceUnitInformation)))) - (((HHH000204: Processing PersistenceUnitInfo [name: default])))
  14-09-2021 15:55:57.144 [restartedMain] INFO  ((( org.hibernate.dialect.Dialect.<init>)))) - (((HHH000400: Using dialect: org.hibernate.dialect.H2Dialect)))
  14-09-2021 15:55:57.170 [restartedMain] INFO  ((( org.hibernate.engine.transaction.jta.platform.internal.JtaPlatformInitiator.initiateService)))) - (((HHH000490: Using JtaPlatform implementation: [org.hibernate.engine.transaction.jta.platform.internal.NoJtaPlatform])))
  14-09-2021 15:55:57.170 [restartedMain] INFO  ((( org.springframework.orm.jpa.LocalContainerEntityManagerFactoryBean.buildNativeEntityManagerFactory)))) - (((Initialized JPA EntityManagerFactory for persistence unit 'default')))
  14-09-2021 15:55:57.228 [restartedMain] WARN  ((( org.springframework.boot.autoconfigure.orm.jpa.JpaBaseConfiguration$JpaWebConfiguration.openEntityManagerInViewInterceptor)))) - (((spring.jpa.open-in-view is enabled by default. Therefore, database queries may be performed during view rendering. Explicitly configure spring.jpa.open-in-view to disable this warning)))
  14-09-2021 15:55:57.333 [restartedMain] INFO  ((( org.springframework.boot.devtools.autoconfigure.OptionalLiveReloadServer.startServer)))) - (((LiveReload server is running on port 35729)))
  14-09-2021 15:55:57.339 [restartedMain] INFO  ((( org.apache.coyote.http11.Http11NioProtocol.log)))) - (((Starting ProtocolHandler ["http-nio-8082"])))
  14-09-2021 15:55:57.341 [restartedMain] INFO  ((( org.springframework.boot.web.embedded.tomcat.TomcatWebServer.start)))) - (((Tomcat started on port(s): 8082 (http) with context path '')))
  14-09-2021 15:55:57.344 [restartedMain] INFO  ((( com.springdatarest.springdatarest.SpringDataRestApplication.logStarted)))) - (((Started SpringDataRestApplication in 0.487 seconds (JVM running for 108.621))))
  14-09-2021 15:55:57.352 [restartedMain] INFO  ((( org.springframework.boot.devtools.autoconfigure.ConditionEvaluationDeltaLoggingListener.onApplicationEvent)))) - (((Condition evaluation unchanged)))
  14-09-2021 15:55:58.348 [RMI TCP Connection(6)-127.0.0.1] INFO  ((( org.springframework.boot.admin.SpringApplicationAdminMXBeanRegistrar$SpringApplicationAdmin.shutdown)))) - (((Application shutdown requested.)))
  14-09-2021 15:55:58.387 [RMI TCP Connection(6)-127.0.0.1] INFO  ((( org.springframework.orm.jpa.LocalContainerEntityManagerFactoryBean.destroy)))) - (((Closing JPA EntityManagerFactory for persistence unit 'default')))
  14-09-2021 15:55:58.387 [RMI TCP Connection(6)-127.0.0.1] INFO  ((( org.hibernate.tool.schema.internal.SchemaDropperImpl$DelayedDropActionImpl.perform)))) - (((HHH000477: Starting delayed evictData of schema as part of SessionFactory shut-down')))
  14-09-2021 15:55:58.591 [RMI TCP Connection(6)-127.0.0.1] WARN  ((( org.springframework.beans.factory.support.DisposableBeanAdapter.destroy)))) - (((Invocation of destroy method failed on bean with name 'inMemoryDatabaseShutdownExecutor': org.h2.jdbc.JdbcSQLNonTransientConnectionException: Database is already closed (to disable automatic closing at VM shutdown, add ";DB_CLOSE_ON_EXIT=FALSE" to the db URL) [90121-200])))
  14-09-2021 15:55:58.591 [RMI TCP Connection(6)-127.0.0.1] INFO  ((( com.zaxxer.hikari.HikariDataSource.close)))) - (((HikariPool-2 - Shutdown initiated...)))
  14-09-2021 15:55:58.592 [RMI TCP Connection(6)-127.0.0.1] INFO  ((( com.zaxxer.hikari.HikariDataSource.close)))) - (((HikariPool-2 - Shutdown completed.)))
  14-09-2021 15:56:05.455 [restartedMain] INFO  ((( com.springdatarest.springdatarest.SpringDataRestApplication.logStarting)))) - (((Starting SpringDataRestApplication using Java 16.0.1 on RD-SC-LP-2014 with PID 13068 (D:\Spring Boot\projects\ELK-test\target\classes started by asabokh in D:\Spring Boot\projects\ELK-test))))
  14-09-2021 15:56:05.460 [restartedMain] INFO  ((( com.springdatarest.springdatarest.SpringDataRestApplication.logStartupProfileInfo)))) - (((No active profile set, falling back to default profiles: default)))
  14-09-2021 15:56:05.485 [restartedMain] INFO  ((( org.springframework.boot.devtools.env.DevToolsPropertyDefaultsPostProcessor.logTo)))) - (((Devtools property defaults active! Set 'spring.devtools.add-properties' to 'false' to disable)))
  14-09-2021 15:56:05.486 [restartedMain] INFO  ((( org.springframework.boot.devtools.env.DevToolsPropertyDefaultsPostProcessor.logTo)))) - (((For additional web related logging consider setting the 'logging.level.web' property to 'DEBUG')))
  14-09-2021 15:56:05.849 [restartedMain] INFO  ((( org.springframework.data.repository.config.RepositoryConfigurationDelegate.registerRepositoriesIn)))) - (((Bootstrapping Spring Data JPA repositories in DEFAULT mode.)))
  14-09-2021 15:56:05.881 [restartedMain] INFO  ((( org.springframework.data.repository.config.RepositoryConfigurationDelegate.registerRepositoriesIn)))) - (((Finished Spring Data repository scanning in 27 ms. Found 2 JPA repository interfaces.)))
  14-09-2021 15:56:06.265 [restartedMain] INFO  ((( org.springframework.boot.web.embedded.tomcat.TomcatWebServer.initialize)))) - (((Tomcat initialized with port(s): 8082 (http))))
  14-09-2021 15:56:06.271 [restartedMain] INFO  ((( org.apache.coyote.http11.Http11NioProtocol.log)))) - (((Initializing ProtocolHandler ["http-nio-8082"])))
  14-09-2021 15:56:06.271 [restartedMain] INFO  ((( org.apache.catalina.core.StandardService.log)))) - (((Starting service [Tomcat])))
  14-09-2021 15:56:06.272 [restartedMain] INFO  ((( org.apache.catalina.core.StandardEngine.log)))) - (((Starting Servlet engine: [Apache Tomcat/9.0.52])))
  14-09-2021 15:56:06.341 [restartedMain] INFO  ((( org.apache.catalina.core.ContainerBase.[Tomcat].[localhost].[/].log)))) - (((Initializing Spring embedded WebApplicationContext)))
  14-09-2021 15:56:06.341 [restartedMain] INFO  ((( org.springframework.boot.web.servlet.context.ServletWebServerApplicationContext.prepareWebApplicationContext)))) - (((Root WebApplicationContext: initialization completed in 854 ms)))
  14-09-2021 15:56:06.375 [restartedMain] INFO  ((( com.zaxxer.hikari.HikariDataSource.getConnection)))) - (((HikariPool-1 - Starting...)))
  14-09-2021 15:56:06.480 [restartedMain] INFO  ((( com.zaxxer.hikari.HikariDataSource.getConnection)))) - (((HikariPool-1 - Start completed.)))
  14-09-2021 15:56:06.485 [restartedMain] INFO  ((( org.springframework.boot.autoconfigure.h2.H2ConsoleAutoConfiguration.lambda$h2Console$0)))) - (((H2 console available at '/h2-console'. Database available at 'jdbc:h2:mem:35ab943d-0f5f-4548-8ee0-0ee7dc6012db')))
  14-09-2021 15:56:06.606 [restartedMain] INFO  ((( org.hibernate.jpa.internal.util.LogHelper.logPersistenceUnitInformation)))) - (((HHH000204: Processing PersistenceUnitInfo [name: default])))
  14-09-2021 15:56:06.638 [restartedMain] INFO  ((( org.hibernate.Version.logVersion)))) - (((HHH000412: Hibernate ORM core version 5.4.32.Final)))
  14-09-2021 15:56:06.716 [restartedMain] INFO  ((( org.hibernate.annotations.common.Version.<clinit>)))) - (((HCANN000001: Hibernate Commons Annotations {5.1.2.Final})))
  14-09-2021 15:56:06.793 [restartedMain] INFO  ((( org.hibernate.dialect.Dialect.<init>)))) - (((HHH000400: Using dialect: org.hibernate.dialect.H2Dialect)))
  14-09-2021 15:56:07.159 [restartedMain] INFO  ((( org.hibernate.engine.transaction.jta.platform.internal.JtaPlatformInitiator.initiateService)))) - (((HHH000490: Using JtaPlatform implementation: [org.hibernate.engine.transaction.jta.platform.internal.NoJtaPlatform])))
  14-09-2021 15:56:07.165 [restartedMain] INFO  ((( org.springframework.orm.jpa.LocalContainerEntityManagerFactoryBean.buildNativeEntityManagerFactory)))) - (((Initialized JPA EntityManagerFactory for persistence unit 'default')))
  14-09-2021 15:56:07.417 [restartedMain] WARN  ((( org.springframework.boot.autoconfigure.orm.jpa.JpaBaseConfiguration$JpaWebConfiguration.openEntityManagerInViewInterceptor)))) - (((spring.jpa.open-in-view is enabled by default. Therefore, database queries may be performed during view rendering. Explicitly configure spring.jpa.open-in-view to disable this warning)))
  14-09-2021 15:56:07.913 [restartedMain] INFO  ((( org.springframework.boot.devtools.autoconfigure.OptionalLiveReloadServer.startServer)))) - (((LiveReload server is running on port 35729)))
  14-09-2021 15:56:07.925 [restartedMain] INFO  ((( org.apache.coyote.http11.Http11NioProtocol.log)))) - (((Starting ProtocolHandler ["http-nio-8082"])))
  14-09-2021 15:56:07.959 [restartedMain] INFO  ((( org.springframework.boot.web.embedded.tomcat.TomcatWebServer.start)))) - (((Tomcat started on port(s): 8082 (http) with context path '')))
  14-09-2021 15:56:07.965 [restartedMain] INFO  ((( com.springdatarest.springdatarest.SpringDataRestApplication.logStarted)))) - (((Started SpringDataRestApplication in 2.709 seconds (JVM running for 3.39))))
  14-09-2021 15:57:19.709 [Thread-5] INFO  ((( org.springframework.orm.jpa.LocalContainerEntityManagerFactoryBean.destroy)))) - (((Closing JPA EntityManagerFactory for persistence unit 'default')))
  14-09-2021 15:57:19.710 [Thread-5] INFO  ((( org.hibernate.tool.schema.internal.SchemaDropperImpl$DelayedDropActionImpl.perform)))) - (((HHH000477: Starting delayed evictData of schema as part of SessionFactory shut-down')))
  14-09-2021 15:57:19.925 [Thread-5] WARN  ((( org.springframework.beans.factory.support.DisposableBeanAdapter.destroy)))) - (((Invocation of destroy method failed on bean with name 'inMemoryDatabaseShutdownExecutor': org.h2.jdbc.JdbcSQLNonTransientConnectionException: Database is already closed (to disable automatic closing at VM shutdown, add ";DB_CLOSE_ON_EXIT=FALSE" to the db URL) [90121-200])))
  14-09-2021 15:57:19.926 [Thread-5] INFO  ((( com.zaxxer.hikari.HikariDataSource.close)))) - (((HikariPool-1 - Shutdown initiated...)))
  14-09-2021 15:57:19.928 [Thread-5] INFO  ((( com.zaxxer.hikari.HikariDataSource.close)))) - (((HikariPool-1 - Shutdown completed.)))
  14-09-2021 15:57:19.994 [restartedMain] INFO  ((( com.springdatarest.springdatarest.SpringDataRestApplication.logStarting)))) - (((Starting SpringDataRestApplication using Java 16.0.1 on RD-SC-LP-2014 with PID 13068 (D:\Spring Boot\projects\ELK-test\target\classes started by asabokh in D:\Spring Boot\projects\ELK-test))))
  14-09-2021 15:57:19.995 [restartedMain] INFO  ((( com.springdatarest.springdatarest.SpringDataRestApplication.logStartupProfileInfo)))) - (((No active profile set, falling back to default profiles: default)))
  14-09-2021 15:57:20.084 [restartedMain] INFO  ((( org.springframework.data.repository.config.RepositoryConfigurationDelegate.registerRepositoriesIn)))) - (((Bootstrapping Spring Data JPA repositories in DEFAULT mode.)))
  14-09-2021 15:57:20.089 [restartedMain] INFO  ((( org.springframework.data.repository.config.RepositoryConfigurationDelegate.registerRepositoriesIn)))) - (((Finished Spring Data repository scanning in 4 ms. Found 2 JPA repository interfaces.)))
  14-09-2021 15:57:20.149 [restartedMain] INFO  ((( org.springframework.boot.web.embedded.tomcat.TomcatWebServer.initialize)))) - (((Tomcat initialized with port(s): 8082 (http))))
  14-09-2021 15:57:20.150 [restartedMain] INFO  ((( org.apache.coyote.http11.Http11NioProtocol.log)))) - (((Initializing ProtocolHandler ["http-nio-8082"])))
  14-09-2021 15:57:20.150 [restartedMain] INFO  ((( org.apache.catalina.core.StandardService.log)))) - (((Starting service [Tomcat])))
  14-09-2021 15:57:20.151 [restartedMain] INFO  ((( org.apache.catalina.core.StandardEngine.log)))) - (((Starting Servlet engine: [Apache Tomcat/9.0.52])))
  14-09-2021 15:57:20.249 [restartedMain] INFO  ((( org.apache.catalina.core.ContainerBase.[Tomcat].[localhost].[/].log)))) - (((Initializing Spring embedded WebApplicationContext)))
  14-09-2021 15:57:20.250 [restartedMain] INFO  ((( org.springframework.boot.web.servlet.context.ServletWebServerApplicationContext.prepareWebApplicationContext)))) - (((Root WebApplicationContext: initialization completed in 253 ms)))
  14-09-2021 15:57:20.258 [restartedMain] INFO  ((( com.zaxxer.hikari.HikariDataSource.getConnection)))) - (((HikariPool-2 - Starting...)))
  14-09-2021 15:57:20.261 [restartedMain] INFO  ((( com.zaxxer.hikari.HikariDataSource.getConnection)))) - (((HikariPool-2 - Start completed.)))
  14-09-2021 15:57:20.261 [restartedMain] INFO  ((( org.springframework.boot.autoconfigure.h2.H2ConsoleAutoConfiguration.lambda$h2Console$0)))) - (((H2 console available at '/h2-console'. Database available at 'jdbc:h2:mem:5ba7be2e-5bbc-4619-ab38-5559e063f7cf')))
  14-09-2021 15:57:20.278 [restartedMain] INFO  ((( org.hibernate.jpa.internal.util.LogHelper.logPersistenceUnitInformation)))) - (((HHH000204: Processing PersistenceUnitInfo [name: default])))
  14-09-2021 15:57:20.281 [restartedMain] INFO  ((( org.hibernate.dialect.Dialect.<init>)))) - (((HHH000400: Using dialect: org.hibernate.dialect.H2Dialect)))
  14-09-2021 15:57:20.309 [restartedMain] INFO  ((( org.hibernate.engine.transaction.jta.platform.internal.JtaPlatformInitiator.initiateService)))) - (((HHH000490: Using JtaPlatform implementation: [org.hibernate.engine.transaction.jta.platform.internal.NoJtaPlatform])))
  14-09-2021 15:57:20.310 [restartedMain] INFO  ((( org.springframework.orm.jpa.LocalContainerEntityManagerFactoryBean.buildNativeEntityManagerFactory)))) - (((Initialized JPA EntityManagerFactory for persistence unit 'default')))
  14-09-2021 15:57:20.381 [restartedMain] WARN  ((( org.springframework.boot.autoconfigure.orm.jpa.JpaBaseConfiguration$JpaWebConfiguration.openEntityManagerInViewInterceptor)))) - (((spring.jpa.open-in-view is enabled by default. Therefore, database queries may be performed during view rendering. Explicitly configure spring.jpa.open-in-view to disable this warning)))
  14-09-2021 15:57:20.510 [restartedMain] INFO  ((( org.springframework.boot.devtools.autoconfigure.OptionalLiveReloadServer.startServer)))) - (((LiveReload server is running on port 35729)))
  14-09-2021 15:57:20.517 [restartedMain] INFO  ((( org.apache.coyote.http11.Http11NioProtocol.log)))) - (((Starting ProtocolHandler ["http-nio-8082"])))
  14-09-2021 15:57:20.519 [restartedMain] INFO  ((( org.springframework.boot.web.embedded.tomcat.TomcatWebServer.start)))) - (((Tomcat started on port(s): 8082 (http) with context path '')))
  14-09-2021 15:57:20.522 [restartedMain] INFO  ((( com.springdatarest.springdatarest.SpringDataRestApplication.logStarted)))) - (((Started SpringDataRestApplication in 0.559 seconds (JVM running for 75.947))))
  14-09-2021 15:57:20.533 [restartedMain] INFO  ((( org.springframework.boot.devtools.autoconfigure.ConditionEvaluationDeltaLoggingListener.onApplicationEvent)))) - (((Condition evaluation unchanged)))
  14-09-2021 15:57:24.772 [RMI TCP Connection(5)-127.0.0.1] INFO  ((( org.springframework.boot.admin.SpringApplicationAdminMXBeanRegistrar$SpringApplicationAdmin.shutdown)))) - (((Application shutdown requested.)))
  14-09-2021 15:57:24.803 [RMI TCP Connection(5)-127.0.0.1] INFO  ((( org.springframework.orm.jpa.LocalContainerEntityManagerFactoryBean.destroy)))) - (((Closing JPA EntityManagerFactory for persistence unit 'default')))
  14-09-2021 15:57:24.803 [RMI TCP Connection(5)-127.0.0.1] INFO  ((( org.hibernate.tool.schema.internal.SchemaDropperImpl$DelayedDropActionImpl.perform)))) - (((HHH000477: Starting delayed evictData of schema as part of SessionFactory shut-down')))
  14-09-2021 15:57:25.005 [RMI TCP Connection(5)-127.0.0.1] WARN  ((( org.springframework.beans.factory.support.DisposableBeanAdapter.destroy)))) - (((Invocation of destroy method failed on bean with name 'inMemoryDatabaseShutdownExecutor': org.h2.jdbc.JdbcSQLNonTransientConnectionException: Database is already closed (to disable automatic closing at VM shutdown, add ";DB_CLOSE_ON_EXIT=FALSE" to the db URL) [90121-200])))
  14-09-2021 15:57:25.006 [RMI TCP Connection(5)-127.0.0.1] INFO  ((( com.zaxxer.hikari.HikariDataSource.close)))) - (((HikariPool-2 - Shutdown initiated...)))
  14-09-2021 15:57:25.006 [RMI TCP Connection(5)-127.0.0.1] INFO  ((( com.zaxxer.hikari.HikariDataSource.close)))) - (((HikariPool-2 - Shutdown completed.)))
  14-09-2021 15:57:36.016 [restartedMain] INFO  ((( com.springdatarest.springdatarest.SpringDataRestApplication.logStarting)))) - (((Starting SpringDataRestApplication using Java 16.0.1 on RD-SC-LP-2014 with PID 16392 (D:\Spring Boot\projects\ELK-test\target\classes started by asabokh in D:\Spring Boot\projects\ELK-test))))
  14-09-2021 15:57:36.023 [restartedMain] INFO  ((( com.springdatarest.springdatarest.SpringDataRestApplication.logStartupProfileInfo)))) - (((No active profile set, falling back to default profiles: default)))
  14-09-2021 15:57:36.047 [restartedMain] INFO  ((( org.springframework.boot.devtools.env.DevToolsPropertyDefaultsPostProcessor.logTo)))) - (((Devtools property defaults active! Set 'spring.devtools.add-properties' to 'false' to disable)))
  14-09-2021 15:57:36.047 [restartedMain] INFO  ((( org.springframework.boot.devtools.env.DevToolsPropertyDefaultsPostProcessor.logTo)))) - (((For additional web related logging consider setting the 'logging.level.web' property to 'DEBUG')))
  14-09-2021 15:57:36.416 [restartedMain] INFO  ((( org.springframework.data.repository.config.RepositoryConfigurationDelegate.registerRepositoriesIn)))) - (((Bootstrapping Spring Data JPA repositories in DEFAULT mode.)))
  14-09-2021 15:57:36.447 [restartedMain] INFO  ((( org.springframework.data.repository.config.RepositoryConfigurationDelegate.registerRepositoriesIn)))) - (((Finished Spring Data repository scanning in 25 ms. Found 2 JPA repository interfaces.)))
  14-09-2021 15:57:36.828 [restartedMain] INFO  ((( org.springframework.boot.web.embedded.tomcat.TomcatWebServer.initialize)))) - (((Tomcat initialized with port(s): 8082 (http))))
  14-09-2021 15:57:36.834 [restartedMain] INFO  ((( org.apache.coyote.http11.Http11NioProtocol.log)))) - (((Initializing ProtocolHandler ["http-nio-8082"])))
  14-09-2021 15:57:36.835 [restartedMain] INFO  ((( org.apache.catalina.core.StandardService.log)))) - (((Starting service [Tomcat])))
  14-09-2021 15:57:36.835 [restartedMain] INFO  ((( org.apache.catalina.core.StandardEngine.log)))) - (((Starting Servlet engine: [Apache Tomcat/9.0.52])))
  14-09-2021 15:57:36.901 [restartedMain] INFO  ((( org.apache.catalina.core.ContainerBase.[Tomcat].[localhost].[/].log)))) - (((Initializing Spring embedded WebApplicationContext)))
  14-09-2021 15:57:36.901 [restartedMain] INFO  ((( org.springframework.boot.web.servlet.context.ServletWebServerApplicationContext.prepareWebApplicationContext)))) - (((Root WebApplicationContext: initialization completed in 852 ms)))
  14-09-2021 15:57:36.937 [restartedMain] INFO  ((( com.zaxxer.hikari.HikariDataSource.getConnection)))) - (((HikariPool-1 - Starting...)))
  14-09-2021 15:57:37.042 [restartedMain] INFO  ((( com.zaxxer.hikari.HikariDataSource.getConnection)))) - (((HikariPool-1 - Start completed.)))
  14-09-2021 15:57:37.046 [restartedMain] INFO  ((( org.springframework.boot.autoconfigure.h2.H2ConsoleAutoConfiguration.lambda$h2Console$0)))) - (((H2 console available at '/h2-console'. Database available at 'jdbc:h2:mem:73571af9-762f-4f68-bf5c-014a7c559fec')))
  14-09-2021 15:57:37.173 [restartedMain] INFO  ((( org.hibernate.jpa.internal.util.LogHelper.logPersistenceUnitInformation)))) - (((HHH000204: Processing PersistenceUnitInfo [name: default])))
  14-09-2021 15:57:37.208 [restartedMain] INFO  ((( org.hibernate.Version.logVersion)))) - (((HHH000412: Hibernate ORM core version 5.4.32.Final)))
  14-09-2021 15:57:37.292 [restartedMain] INFO  ((( org.hibernate.annotations.common.Version.<clinit>)))) - (((HCANN000001: Hibernate Commons Annotations {5.1.2.Final})))
  14-09-2021 15:57:37.368 [restartedMain] INFO  ((( org.hibernate.dialect.Dialect.<init>)))) - (((HHH000400: Using dialect: org.hibernate.dialect.H2Dialect)))
  14-09-2021 15:57:37.734 [restartedMain] INFO  ((( org.hibernate.engine.transaction.jta.platform.internal.JtaPlatformInitiator.initiateService)))) - (((HHH000490: Using JtaPlatform implementation: [org.hibernate.engine.transaction.jta.platform.internal.NoJtaPlatform])))
  14-09-2021 15:57:37.740 [restartedMain] INFO  ((( org.springframework.orm.jpa.LocalContainerEntityManagerFactoryBean.buildNativeEntityManagerFactory)))) - (((Initialized JPA EntityManagerFactory for persistence unit 'default')))
  14-09-2021 15:57:37.991 [restartedMain] WARN  ((( org.springframework.boot.autoconfigure.orm.jpa.JpaBaseConfiguration$JpaWebConfiguration.openEntityManagerInViewInterceptor)))) - (((spring.jpa.open-in-view is enabled by default. Therefore, database queries may be performed during view rendering. Explicitly configure spring.jpa.open-in-view to disable this warning)))
  14-09-2021 15:57:38.490 [restartedMain] INFO  ((( org.springframework.boot.devtools.autoconfigure.OptionalLiveReloadServer.startServer)))) - (((LiveReload server is running on port 35729)))
  14-09-2021 15:57:38.509 [restartedMain] INFO  ((( org.apache.coyote.http11.Http11NioProtocol.log)))) - (((Starting ProtocolHandler ["http-nio-8082"])))
  14-09-2021 15:57:38.537 [restartedMain] INFO  ((( org.springframework.boot.web.embedded.tomcat.TomcatWebServer.start)))) - (((Tomcat started on port(s): 8082 (http) with context path '')))
  14-09-2021 15:57:38.543 [restartedMain] INFO  ((( com.springdatarest.springdatarest.SpringDataRestApplication.logStarted)))) - (((Started SpringDataRestApplication in 2.732 seconds (JVM running for 3.425))))
  14-09-2021 15:58:38.474 [RMI TCP Connection(3)-127.0.0.1] INFO  ((( org.springframework.boot.admin.SpringApplicationAdminMXBeanRegistrar$SpringApplicationAdmin.shutdown)))) - (((Application shutdown requested.)))
  14-09-2021 15:58:38.499 [RMI TCP Connection(3)-127.0.0.1] INFO  ((( org.springframework.orm.jpa.LocalContainerEntityManagerFactoryBean.destroy)))) - (((Closing JPA EntityManagerFactory for persistence unit 'default')))
  14-09-2021 15:58:38.500 [RMI TCP Connection(3)-127.0.0.1] INFO  ((( org.hibernate.tool.schema.internal.SchemaDropperImpl$DelayedDropActionImpl.perform)))) - (((HHH000477: Starting delayed evictData of schema as part of SessionFactory shut-down')))
  14-09-2021 15:58:38.713 [RMI TCP Connection(3)-127.0.0.1] WARN  ((( org.springframework.beans.factory.support.DisposableBeanAdapter.destroy)))) - (((Invocation of destroy method failed on bean with name 'inMemoryDatabaseShutdownExecutor': org.h2.jdbc.JdbcSQLNonTransientConnectionException: Database is already closed (to disable automatic closing at VM shutdown, add ";DB_CLOSE_ON_EXIT=FALSE" to the db URL) [90121-200])))
  14-09-2021 15:58:38.717 [RMI TCP Connection(3)-127.0.0.1] INFO  ((( com.zaxxer.hikari.HikariDataSource.close)))) - (((HikariPool-1 - Shutdown initiated...)))
  14-09-2021 15:58:38.725 [RMI TCP Connection(3)-127.0.0.1] INFO  ((( com.zaxxer.hikari.HikariDataSource.close)))) - (((HikariPool-1 - Shutdown completed.)))
  14-09-2021 15:58:42.636 [restartedMain] INFO  ((( com.springdatarest.springdatarest.SpringDataRestApplication.logStarting)))) - (((Starting SpringDataRestApplication using Java 16.0.1 on RD-SC-LP-2014 with PID 4440 (D:\Spring Boot\projects\ELK-test\target\classes started by asabokh in D:\Spring Boot\projects\ELK-test))))
  14-09-2021 15:58:42.641 [restartedMain] INFO  ((( com.springdatarest.springdatarest.SpringDataRestApplication.logStartupProfileInfo)))) - (((No active profile set, falling back to default profiles: default)))
  14-09-2021 15:58:42.668 [restartedMain] INFO  ((( org.springframework.boot.devtools.env.DevToolsPropertyDefaultsPostProcessor.logTo)))) - (((Devtools property defaults active! Set 'spring.devtools.add-properties' to 'false' to disable)))
  14-09-2021 15:58:42.669 [restartedMain] INFO  ((( org.springframework.boot.devtools.env.DevToolsPropertyDefaultsPostProcessor.logTo)))) - (((For additional web related logging consider setting the 'logging.level.web' property to 'DEBUG')))
  14-09-2021 15:58:43.029 [restartedMain] INFO  ((( org.springframework.data.repository.config.RepositoryConfigurationDelegate.registerRepositoriesIn)))) - (((Bootstrapping Spring Data JPA repositories in DEFAULT mode.)))
  14-09-2021 15:58:43.059 [restartedMain] INFO  ((( org.springframework.data.repository.config.RepositoryConfigurationDelegate.registerRepositoriesIn)))) - (((Finished Spring Data repository scanning in 25 ms. Found 2 JPA repository interfaces.)))
  14-09-2021 15:58:43.443 [restartedMain] INFO  ((( org.springframework.boot.web.embedded.tomcat.TomcatWebServer.initialize)))) - (((Tomcat initialized with port(s): 8082 (http))))
  14-09-2021 15:58:43.449 [restartedMain] INFO  ((( org.apache.coyote.http11.Http11NioProtocol.log)))) - (((Initializing ProtocolHandler ["http-nio-8082"])))
  14-09-2021 15:58:43.450 [restartedMain] INFO  ((( org.apache.catalina.core.StandardService.log)))) - (((Starting service [Tomcat])))
  14-09-2021 15:58:43.450 [restartedMain] INFO  ((( org.apache.catalina.core.StandardEngine.log)))) - (((Starting Servlet engine: [Apache Tomcat/9.0.52])))
  14-09-2021 15:58:43.507 [restartedMain] INFO  ((( org.apache.catalina.core.ContainerBase.[Tomcat].[localhost].[/].log)))) - (((Initializing Spring embedded WebApplicationContext)))
  14-09-2021 15:58:43.507 [restartedMain] INFO  ((( org.springframework.boot.web.servlet.context.ServletWebServerApplicationContext.prepareWebApplicationContext)))) - (((Root WebApplicationContext: initialization completed in 838 ms)))
  14-09-2021 15:58:43.540 [restartedMain] INFO  ((( com.zaxxer.hikari.HikariDataSource.getConnection)))) - (((HikariPool-1 - Starting...)))
  14-09-2021 15:58:43.646 [restartedMain] INFO  ((( com.zaxxer.hikari.HikariDataSource.getConnection)))) - (((HikariPool-1 - Start completed.)))
  14-09-2021 15:58:43.650 [restartedMain] INFO  ((( org.springframework.boot.autoconfigure.h2.H2ConsoleAutoConfiguration.lambda$h2Console$0)))) - (((H2 console available at '/h2-console'. Database available at 'jdbc:h2:mem:d9d4990b-1423-4c38-b82e-8ddfb4cce093')))
  14-09-2021 15:58:43.776 [restartedMain] INFO  ((( org.hibernate.jpa.internal.util.LogHelper.logPersistenceUnitInformation)))) - (((HHH000204: Processing PersistenceUnitInfo [name: default])))
  14-09-2021 15:58:43.806 [restartedMain] INFO  ((( org.hibernate.Version.logVersion)))) - (((HHH000412: Hibernate ORM core version 5.4.32.Final)))
  14-09-2021 15:58:43.883 [restartedMain] INFO  ((( org.hibernate.annotations.common.Version.<clinit>)))) - (((HCANN000001: Hibernate Commons Annotations {5.1.2.Final})))
  14-09-2021 15:58:43.963 [restartedMain] INFO  ((( org.hibernate.dialect.Dialect.<init>)))) - (((HHH000400: Using dialect: org.hibernate.dialect.H2Dialect)))
  14-09-2021 15:58:44.339 [restartedMain] INFO  ((( org.hibernate.engine.transaction.jta.platform.internal.JtaPlatformInitiator.initiateService)))) - (((HHH000490: Using JtaPlatform implementation: [org.hibernate.engine.transaction.jta.platform.internal.NoJtaPlatform])))
  14-09-2021 15:58:44.344 [restartedMain] INFO  ((( org.springframework.orm.jpa.LocalContainerEntityManagerFactoryBean.buildNativeEntityManagerFactory)))) - (((Initialized JPA EntityManagerFactory for persistence unit 'default')))
  14-09-2021 15:58:44.601 [restartedMain] WARN  ((( org.springframework.boot.autoconfigure.orm.jpa.JpaBaseConfiguration$JpaWebConfiguration.openEntityManagerInViewInterceptor)))) - (((spring.jpa.open-in-view is enabled by default. Therefore, database queries may be performed during view rendering. Explicitly configure spring.jpa.open-in-view to disable this warning)))
  14-09-2021 15:58:45.122 [restartedMain] INFO  ((( org.springframework.boot.devtools.autoconfigure.OptionalLiveReloadServer.startServer)))) - (((LiveReload server is running on port 35729)))
  14-09-2021 15:58:45.136 [restartedMain] INFO  ((( org.apache.coyote.http11.Http11NioProtocol.log)))) - (((Starting ProtocolHandler ["http-nio-8082"])))
  14-09-2021 15:58:45.171 [restartedMain] INFO  ((( org.springframework.boot.web.embedded.tomcat.TomcatWebServer.start)))) - (((Tomcat started on port(s): 8082 (http) with context path '')))
  14-09-2021 15:58:45.178 [restartedMain] INFO  ((( com.springdatarest.springdatarest.SpringDataRestApplication.logStarted)))) - (((Started SpringDataRestApplication in 2.746 seconds (JVM running for 3.441))))
  14-09-2021 16:00:15.156 [Thread-5] INFO  ((( org.springframework.orm.jpa.LocalContainerEntityManagerFactoryBean.destroy)))) - (((Closing JPA EntityManagerFactory for persistence unit 'default')))
  14-09-2021 16:00:15.157 [Thread-5] INFO  ((( org.hibernate.tool.schema.internal.SchemaDropperImpl$DelayedDropActionImpl.perform)))) - (((HHH000477: Starting delayed evictData of schema as part of SessionFactory shut-down')))
  14-09-2021 16:00:15.380 [Thread-5] WARN  ((( org.springframework.beans.factory.support.DisposableBeanAdapter.destroy)))) - (((Invocation of destroy method failed on bean with name 'inMemoryDatabaseShutdownExecutor': org.h2.jdbc.JdbcSQLNonTransientConnectionException: Database is already closed (to disable automatic closing at VM shutdown, add ";DB_CLOSE_ON_EXIT=FALSE" to the db URL) [90121-200])))
  14-09-2021 16:00:15.381 [Thread-5] INFO  ((( com.zaxxer.hikari.HikariDataSource.close)))) - (((HikariPool-1 - Shutdown initiated...)))
  14-09-2021 16:00:15.383 [Thread-5] INFO  ((( com.zaxxer.hikari.HikariDataSource.close)))) - (((HikariPool-1 - Shutdown completed.)))
